02-Feb-2020 11:54:55.590 INFO [main] org.apache.catalina.startup.VersionLoggerListener.log Server version name:   Apache Tomcat/9.0.20
02-Feb-2020 11:54:55.653 INFO [main] org.apache.catalina.startup.VersionLoggerListener.log Server built:          May 3 2019 22:26:00 UTC
02-Feb-2020 11:54:55.653 INFO [main] org.apache.catalina.startup.VersionLoggerListener.log Server version number: 9.0.20.0
02-Feb-2020 11:54:55.654 INFO [main] org.apache.catalina.startup.VersionLoggerListener.log OS Name:               Windows 8
02-Feb-2020 11:54:55.654 INFO [main] org.apache.catalina.startup.VersionLoggerListener.log OS Version:            6.2
02-Feb-2020 11:54:55.654 INFO [main] org.apache.catalina.startup.VersionLoggerListener.log Architecture:          amd64
02-Feb-2020 11:54:55.654 INFO [main] org.apache.catalina.startup.VersionLoggerListener.log Java Home:             C:\Spark_Tutorial\Java\jdk1.8.0_191\jre
02-Feb-2020 11:54:55.654 INFO [main] org.apache.catalina.startup.VersionLoggerListener.log JVM Version:           1.8.0_191-b12
02-Feb-2020 11:54:55.654 INFO [main] org.apache.catalina.startup.VersionLoggerListener.log JVM Vendor:            Oracle Corporation
02-Feb-2020 11:54:55.654 INFO [main] org.apache.catalina.startup.VersionLoggerListener.log CATALINA_BASE:         C:\tomcat\apache-tomcat-9.0.20
02-Feb-2020 11:54:55.655 INFO [main] org.apache.catalina.startup.VersionLoggerListener.log CATALINA_HOME:         C:\tomcat\apache-tomcat-9.0.20
02-Feb-2020 11:54:55.722 INFO [main] org.apache.catalina.startup.VersionLoggerListener.log Command line argument: -Djava.util.logging.config.file=C:\tomcat\apache-tomcat-9.0.20\conf\logging.properties
02-Feb-2020 11:54:55.723 INFO [main] org.apache.catalina.startup.VersionLoggerListener.log Command line argument: -Djava.util.logging.manager=org.apache.juli.ClassLoaderLogManager
02-Feb-2020 11:54:55.723 INFO [main] org.apache.catalina.startup.VersionLoggerListener.log Command line argument: -Djdk.tls.ephemeralDHKeySize=2048
02-Feb-2020 11:54:55.724 INFO [main] org.apache.catalina.startup.VersionLoggerListener.log Command line argument: -Djava.protocol.handler.pkgs=org.apache.catalina.webresources
02-Feb-2020 11:54:55.724 INFO [main] org.apache.catalina.startup.VersionLoggerListener.log Command line argument: -Dignore.endorsed.dirs=
02-Feb-2020 11:54:55.725 INFO [main] org.apache.catalina.startup.VersionLoggerListener.log Command line argument: -Dcatalina.base=C:\tomcat\apache-tomcat-9.0.20
02-Feb-2020 11:54:55.727 INFO [main] org.apache.catalina.startup.VersionLoggerListener.log Command line argument: -Dcatalina.home=C:\tomcat\apache-tomcat-9.0.20
02-Feb-2020 11:54:55.728 INFO [main] org.apache.catalina.startup.VersionLoggerListener.log Command line argument: -Djava.io.tmpdir=C:\tomcat\apache-tomcat-9.0.20\temp
02-Feb-2020 11:54:55.728 INFO [main] org.apache.catalina.core.AprLifecycleListener.lifecycleEvent Loaded APR based Apache Tomcat Native library [1.2.21] using APR version [1.6.5].
02-Feb-2020 11:54:55.728 INFO [main] org.apache.catalina.core.AprLifecycleListener.lifecycleEvent APR capabilities: IPv6 [true], sendfile [true], accept filters [false], random [true].
02-Feb-2020 11:54:55.729 INFO [main] org.apache.catalina.core.AprLifecycleListener.lifecycleEvent APR/OpenSSL configuration: useAprConnector [false], useOpenSSL [true]
02-Feb-2020 11:54:55.755 INFO [main] org.apache.catalina.core.AprLifecycleListener.initializeSSL OpenSSL successfully initialized [OpenSSL 1.1.1a  20 Nov 2018]
02-Feb-2020 11:54:57.695 INFO [main] org.apache.coyote.AbstractProtocol.init Initializing ProtocolHandler ["http-nio-8080"]
02-Feb-2020 11:54:58.155 INFO [main] org.apache.coyote.AbstractProtocol.init Initializing ProtocolHandler ["ajp-nio-8009"]
02-Feb-2020 11:54:58.160 INFO [main] org.apache.catalina.startup.Catalina.load Server initialization in [3,552] milliseconds
02-Feb-2020 11:54:58.277 INFO [main] org.apache.catalina.core.StandardService.startInternal Starting service [Catalina]
02-Feb-2020 11:54:58.278 INFO [main] org.apache.catalina.core.StandardEngine.startInternal Starting Servlet engine: [Apache Tomcat/9.0.20]
02-Feb-2020 11:54:58.292 INFO [main] org.apache.catalina.startup.HostConfig.deployDirectory Deploying web application directory [C:\tomcat\apache-tomcat-9.0.20\webapps\dist]
02-Feb-2020 11:54:58.825 INFO [main] org.apache.catalina.startup.HostConfig.deployDirectory Deployment of web application directory [C:\tomcat\apache-tomcat-9.0.20\webapps\dist] has finished in [534] ms
02-Feb-2020 11:54:58.826 INFO [main] org.apache.catalina.startup.HostConfig.deployDirectory Deploying web application directory [C:\tomcat\apache-tomcat-9.0.20\webapps\docs]
02-Feb-2020 11:54:58.874 INFO [main] org.apache.catalina.startup.HostConfig.deployDirectory Deployment of web application directory [C:\tomcat\apache-tomcat-9.0.20\webapps\docs] has finished in [49] ms
02-Feb-2020 11:54:58.875 INFO [main] org.apache.catalina.startup.HostConfig.deployDirectory Deploying web application directory [C:\tomcat\apache-tomcat-9.0.20\webapps\examples]
02-Feb-2020 11:54:59.661 INFO [main] org.apache.catalina.startup.HostConfig.deployDirectory Deployment of web application directory [C:\tomcat\apache-tomcat-9.0.20\webapps\examples] has finished in [786] ms
02-Feb-2020 11:54:59.662 INFO [main] org.apache.catalina.startup.HostConfig.deployDirectory Deploying web application directory [C:\tomcat\apache-tomcat-9.0.20\webapps\host-manager]
02-Feb-2020 11:54:59.734 INFO [main] org.apache.catalina.startup.HostConfig.deployDirectory Deployment of web application directory [C:\tomcat\apache-tomcat-9.0.20\webapps\host-manager] has finished in [73] ms
02-Feb-2020 11:54:59.735 INFO [main] org.apache.catalina.startup.HostConfig.deployDirectory Deploying web application directory [C:\tomcat\apache-tomcat-9.0.20\webapps\manager]
02-Feb-2020 11:54:59.829 INFO [main] org.apache.catalina.startup.HostConfig.deployDirectory Deployment of web application directory [C:\tomcat\apache-tomcat-9.0.20\webapps\manager] has finished in [94] ms
02-Feb-2020 11:54:59.830 INFO [main] org.apache.catalina.startup.HostConfig.deployDirectory Deploying web application directory [C:\tomcat\apache-tomcat-9.0.20\webapps\ROOT]
02-Feb-2020 11:54:59.913 INFO [main] org.apache.catalina.startup.HostConfig.deployDirectory Deployment of web application directory [C:\tomcat\apache-tomcat-9.0.20\webapps\ROOT] has finished in [83] ms
02-Feb-2020 11:54:59.920 INFO [main] org.apache.coyote.AbstractProtocol.start Starting ProtocolHandler ["http-nio-8080"]
02-Feb-2020 11:54:59.930 INFO [main] org.apache.coyote.AbstractProtocol.start Starting ProtocolHandler ["ajp-nio-8009"]
02-Feb-2020 11:54:59.936 INFO [main] org.apache.catalina.startup.Catalina.start Server startup in [1,775] milliseconds
02-Feb-2020 12:23:01.112 INFO [Catalina-utility-2] org.apache.catalina.startup.HostConfig.undeploy Undeploying context [/dist]
02-Feb-2020 12:23:01.174 INFO [Catalina-utility-2] org.apache.catalina.startup.HostConfig.deployDirectory Deploying web application directory [C:\tomcat\apache-tomcat-9.0.20\webapps\person-details-app]
02-Feb-2020 12:23:01.212 INFO [Catalina-utility-2] org.apache.catalina.startup.HostConfig.deployDirectory Deployment of web application directory [C:\tomcat\apache-tomcat-9.0.20\webapps\person-details-app] has finished in [38] ms
02-Feb-2020 12:31:59.852 INFO [main] org.apache.catalina.startup.VersionLoggerListener.log Server version name:   Apache Tomcat/9.0.20
02-Feb-2020 12:31:59.893 INFO [main] org.apache.catalina.startup.VersionLoggerListener.log Server built:          May 3 2019 22:26:00 UTC
02-Feb-2020 12:31:59.893 INFO [main] org.apache.catalina.startup.VersionLoggerListener.log Server version number: 9.0.20.0
02-Feb-2020 12:31:59.893 INFO [main] org.apache.catalina.startup.VersionLoggerListener.log OS Name:               Windows 8
02-Feb-2020 12:31:59.893 INFO [main] org.apache.catalina.startup.VersionLoggerListener.log OS Version:            6.2
02-Feb-2020 12:31:59.894 INFO [main] org.apache.catalina.startup.VersionLoggerListener.log Architecture:          amd64
02-Feb-2020 12:31:59.894 INFO [main] org.apache.catalina.startup.VersionLoggerListener.log Java Home:             C:\Spark_Tutorial\Java\jdk1.8.0_191\jre
02-Feb-2020 12:31:59.894 INFO [main] org.apache.catalina.startup.VersionLoggerListener.log JVM Version:           1.8.0_191-b12
02-Feb-2020 12:31:59.894 INFO [main] org.apache.catalina.startup.VersionLoggerListener.log JVM Vendor:            Oracle Corporation
02-Feb-2020 12:31:59.894 INFO [main] org.apache.catalina.startup.VersionLoggerListener.log CATALINA_BASE:         C:\tomcat\apache-tomcat-9.0.20
02-Feb-2020 12:31:59.894 INFO [main] org.apache.catalina.startup.VersionLoggerListener.log CATALINA_HOME:         C:\tomcat\apache-tomcat-9.0.20
02-Feb-2020 12:31:59.906 INFO [main] org.apache.catalina.startup.VersionLoggerListener.log Command line argument: -Djava.util.logging.config.file=C:\tomcat\apache-tomcat-9.0.20\conf\logging.properties
02-Feb-2020 12:31:59.907 INFO [main] org.apache.catalina.startup.VersionLoggerListener.log Command line argument: -Djava.util.logging.manager=org.apache.juli.ClassLoaderLogManager
02-Feb-2020 12:31:59.907 INFO [main] org.apache.catalina.startup.VersionLoggerListener.log Command line argument: -Djdk.tls.ephemeralDHKeySize=2048
02-Feb-2020 12:31:59.907 INFO [main] org.apache.catalina.startup.VersionLoggerListener.log Command line argument: -Djava.protocol.handler.pkgs=org.apache.catalina.webresources
02-Feb-2020 12:31:59.908 INFO [main] org.apache.catalina.startup.VersionLoggerListener.log Command line argument: -Dignore.endorsed.dirs=
02-Feb-2020 12:31:59.908 INFO [main] org.apache.catalina.startup.VersionLoggerListener.log Command line argument: -Dcatalina.base=C:\tomcat\apache-tomcat-9.0.20
02-Feb-2020 12:31:59.910 INFO [main] org.apache.catalina.startup.VersionLoggerListener.log Command line argument: -Dcatalina.home=C:\tomcat\apache-tomcat-9.0.20
02-Feb-2020 12:31:59.911 INFO [main] org.apache.catalina.startup.VersionLoggerListener.log Command line argument: -Djava.io.tmpdir=C:\tomcat\apache-tomcat-9.0.20\temp
02-Feb-2020 12:31:59.912 INFO [main] org.apache.catalina.core.AprLifecycleListener.lifecycleEvent Loaded APR based Apache Tomcat Native library [1.2.21] using APR version [1.6.5].
02-Feb-2020 12:31:59.912 INFO [main] org.apache.catalina.core.AprLifecycleListener.lifecycleEvent APR capabilities: IPv6 [true], sendfile [true], accept filters [false], random [true].
02-Feb-2020 12:31:59.913 INFO [main] org.apache.catalina.core.AprLifecycleListener.lifecycleEvent APR/OpenSSL configuration: useAprConnector [false], useOpenSSL [true]
02-Feb-2020 12:31:59.932 INFO [main] org.apache.catalina.core.AprLifecycleListener.initializeSSL OpenSSL successfully initialized [OpenSSL 1.1.1a  20 Nov 2018]
02-Feb-2020 12:32:01.381 INFO [main] org.apache.coyote.AbstractProtocol.init Initializing ProtocolHandler ["http-nio-8080"]
02-Feb-2020 12:32:01.671 INFO [main] org.apache.coyote.AbstractProtocol.init Initializing ProtocolHandler ["ajp-nio-8009"]
02-Feb-2020 12:32:01.676 INFO [main] org.apache.catalina.startup.Catalina.load Server initialization in [2,564] milliseconds
02-Feb-2020 12:32:01.872 INFO [main] org.apache.catalina.core.StandardService.startInternal Starting service [Catalina]
02-Feb-2020 12:32:01.873 INFO [main] org.apache.catalina.core.StandardEngine.startInternal Starting Servlet engine: [Apache Tomcat/9.0.20]
02-Feb-2020 12:32:01.885 INFO [main] org.apache.catalina.startup.HostConfig.deployDirectory Deploying web application directory [C:\tomcat\apache-tomcat-9.0.20\webapps\docs]
02-Feb-2020 12:32:02.577 INFO [main] org.apache.catalina.startup.HostConfig.deployDirectory Deployment of web application directory [C:\tomcat\apache-tomcat-9.0.20\webapps\docs] has finished in [692] ms
02-Feb-2020 12:32:02.578 INFO [main] org.apache.catalina.startup.HostConfig.deployDirectory Deploying web application directory [C:\tomcat\apache-tomcat-9.0.20\webapps\examples]
02-Feb-2020 12:32:03.595 INFO [main] org.apache.catalina.startup.HostConfig.deployDirectory Deployment of web application directory [C:\tomcat\apache-tomcat-9.0.20\webapps\examples] has finished in [1,017] ms
02-Feb-2020 12:32:03.596 INFO [main] org.apache.catalina.startup.HostConfig.deployDirectory Deploying web application directory [C:\tomcat\apache-tomcat-9.0.20\webapps\host-manager]
02-Feb-2020 12:32:03.660 INFO [main] org.apache.catalina.startup.HostConfig.deployDirectory Deployment of web application directory [C:\tomcat\apache-tomcat-9.0.20\webapps\host-manager] has finished in [63] ms
02-Feb-2020 12:32:03.660 INFO [main] org.apache.catalina.startup.HostConfig.deployDirectory Deploying web application directory [C:\tomcat\apache-tomcat-9.0.20\webapps\manager]
02-Feb-2020 12:32:03.721 INFO [main] org.apache.catalina.startup.HostConfig.deployDirectory Deployment of web application directory [C:\tomcat\apache-tomcat-9.0.20\webapps\manager] has finished in [61] ms
02-Feb-2020 12:32:03.722 INFO [main] org.apache.catalina.startup.HostConfig.deployDirectory Deploying web application directory [C:\tomcat\apache-tomcat-9.0.20\webapps\person-details-app]
02-Feb-2020 12:32:03.765 INFO [main] org.apache.catalina.startup.HostConfig.deployDirectory Deployment of web application directory [C:\tomcat\apache-tomcat-9.0.20\webapps\person-details-app] has finished in [43] ms
02-Feb-2020 12:32:03.766 INFO [main] org.apache.catalina.startup.HostConfig.deployDirectory Deploying web application directory [C:\tomcat\apache-tomcat-9.0.20\webapps\ROOT]
02-Feb-2020 12:32:03.798 INFO [main] org.apache.catalina.startup.HostConfig.deployDirectory Deployment of web application directory [C:\tomcat\apache-tomcat-9.0.20\webapps\ROOT] has finished in [32] ms
02-Feb-2020 12:32:03.805 INFO [main] org.apache.coyote.AbstractProtocol.start Starting ProtocolHandler ["http-nio-8080"]
02-Feb-2020 12:32:03.826 INFO [main] org.apache.coyote.AbstractProtocol.start Starting ProtocolHandler ["ajp-nio-8009"]
02-Feb-2020 12:32:03.829 INFO [main] org.apache.catalina.startup.Catalina.start Server startup in [2,152] milliseconds
