03-Feb-2020 20:49:15.484 INFO [main] org.apache.catalina.core.ApplicationContext.log ContextListener: contextInitialized()
03-Feb-2020 20:49:15.484 INFO [main] org.apache.catalina.core.ApplicationContext.log SessionListener: contextInitialized()
03-Feb-2020 20:49:15.486 INFO [main] org.apache.catalina.core.ApplicationContext.log ContextListener: attributeAdded('StockTicker', 'async.Stockticker@5dda768f')
03-Feb-2020 21:40:43.528 INFO [main] org.apache.catalina.core.ApplicationContext.log ContextListener: contextInitialized()
03-Feb-2020 21:40:43.528 INFO [main] org.apache.catalina.core.ApplicationContext.log SessionListener: contextInitialized()
03-Feb-2020 21:40:43.531 INFO [main] org.apache.catalina.core.ApplicationContext.log ContextListener: attributeAdded('StockTicker', 'async.Stockticker@5dda768f')
03-Feb-2020 22:25:59.854 INFO [main] org.apache.catalina.core.ApplicationContext.log ContextListener: contextInitialized()
03-Feb-2020 22:25:59.854 INFO [main] org.apache.catalina.core.ApplicationContext.log SessionListener: contextInitialized()
03-Feb-2020 22:25:59.857 INFO [main] org.apache.catalina.core.ApplicationContext.log ContextListener: attributeAdded('StockTicker', 'async.Stockticker@367ffa75')
03-Feb-2020 22:26:00.291 INFO [main] org.apache.catalina.core.ApplicationContext.log SessionListener: contextDestroyed()
03-Feb-2020 22:26:00.292 INFO [main] org.apache.catalina.core.ApplicationContext.log ContextListener: contextDestroyed()
03-Feb-2020 22:33:02.685 INFO [Catalina-utility-2] org.apache.catalina.core.ApplicationContext.log SessionListener: contextDestroyed()
03-Feb-2020 22:33:02.686 INFO [Catalina-utility-2] org.apache.catalina.core.ApplicationContext.log ContextListener: contextDestroyed()
03-Feb-2020 22:33:09.207 INFO [Catalina-utility-2] org.apache.catalina.core.ApplicationContext.log ContextListener: contextInitialized()
03-Feb-2020 22:33:09.207 INFO [Catalina-utility-2] org.apache.catalina.core.ApplicationContext.log SessionListener: contextInitialized()
03-Feb-2020 22:33:09.209 INFO [Catalina-utility-2] org.apache.catalina.core.ApplicationContext.log ContextListener: attributeAdded('StockTicker', 'async.Stockticker@6d38f5a')
03-Feb-2020 22:33:36.891 INFO [main] org.apache.catalina.core.ApplicationContext.log SessionListener: contextDestroyed()
03-Feb-2020 22:33:36.891 INFO [main] org.apache.catalina.core.ApplicationContext.log ContextListener: contextDestroyed()
03-Feb-2020 22:33:51.104 INFO [main] org.apache.catalina.core.ApplicationContext.log ContextListener: contextInitialized()
03-Feb-2020 22:33:51.104 INFO [main] org.apache.catalina.core.ApplicationContext.log SessionListener: contextInitialized()
03-Feb-2020 22:33:51.107 INFO [main] org.apache.catalina.core.ApplicationContext.log ContextListener: attributeAdded('StockTicker', 'async.Stockticker@752325ad')
